{"contracts/MultiSig.sol":{"l":{"70":63,"71":5,"73":58,"77":26,"78":3,"80":23,"84":23,"85":1,"87":22,"102":137,"103":544,"104":544,"105":1,"107":543,"108":542,"109":542,"110":542,"112":1,"116":135,"117":135,"118":135,"122":13,"126":28,"127":2,"129":26,"134":26,"136":26,"137":18,"138":18,"140":8,"141":8,"143":26,"144":26,"148":8,"149":2,"151":6,"152":6,"160":22,"169":22,"170":22,"171":22,"177":22,"186":14,"187":1,"189":13,"190":13,"194":3,"195":1,"197":2,"198":2,"202":5,"203":1,"205":4,"206":4,"207":1,"209":3,"210":3,"211":3,"212":1,"218":2,"219":1,"221":1,"222":1,"223":1,"224":0,"229":2},"path":"/home/trauki/portfolio/02-hardhat-multi-sig/contracts/MultiSig.sol","s":{"1":63,"2":26,"3":23,"4":137,"5":544,"6":544,"7":543,"8":542,"9":542,"10":542,"11":135,"12":135,"13":135,"14":28,"15":26,"16":26,"17":26,"18":18,"19":18,"20":8,"21":8,"22":26,"23":8,"24":6,"25":6,"26":22,"27":22,"28":22,"29":22,"30":14,"31":13,"32":13,"33":3,"34":2,"35":2,"36":5,"37":4,"38":4,"39":3,"40":3,"41":3,"42":2,"43":1,"44":1,"45":1,"46":2},"b":{"1":[5,58],"2":[3,23],"3":[1,22],"4":[1,543],"5":[542,1],"6":[2,26],"7":[18,8],"8":[2,6],"9":[1,13],"10":[1,2],"11":[1,4],"12":[1,3],"13":[1,2],"14":[1,1],"15":[0,1]},"f":{"1":63,"2":26,"3":23,"4":137,"5":28,"6":8,"7":22,"8":14,"9":3,"10":5,"11":2,"12":2},"fnMap":{"1":{"name":"onlyOwner","line":69,"loc":{"start":{"line":69,"column":4},"end":{"line":74,"column":4}}},"2":{"name":"exists","line":76,"loc":{"start":{"line":76,"column":4},"end":{"line":81,"column":4}}},"3":{"name":"isExecuted","line":83,"loc":{"start":{"line":83,"column":4},"end":{"line":88,"column":4}}},"4":{"name":"constructor","line":101,"loc":{"start":{"line":101,"column":4},"end":{"line":119,"column":4}}},"5":{"name":"submitDeposit","line":125,"loc":{"start":{"line":125,"column":4},"end":{"line":145,"column":4}}},"6":{"name":"addSharedFunds","line":147,"loc":{"start":{"line":147,"column":4},"end":{"line":153,"column":4}}},"7":{"name":"proposeTransaction","line":159,"loc":{"start":{"line":155,"column":4},"end":{"line":178,"column":4}}},"8":{"name":"confirmTransaction","line":184,"loc":{"start":{"line":180,"column":4},"end":{"line":191,"column":4}}},"9":{"name":"revokeConfirmation","line":193,"loc":{"start":{"line":193,"column":4},"end":{"line":199,"column":4}}},"10":{"name":"executeTransaction","line":201,"loc":{"start":{"line":201,"column":4},"end":{"line":215,"column":4}}},"11":{"name":"withdraw","line":217,"loc":{"start":{"line":217,"column":4},"end":{"line":226,"column":4}}},"12":{"name":"getBalance","line":228,"loc":{"start":{"line":228,"column":4},"end":{"line":230,"column":4}}}},"statementMap":{"1":{"start":{"line":70,"column":8},"end":{"line":70,"column":2259}},"2":{"start":{"line":77,"column":8},"end":{"line":77,"column":2407}},"3":{"start":{"line":84,"column":8},"end":{"line":84,"column":2579}},"4":{"start":{"line":102,"column":8},"end":{"line":102,"column":2998}},"5":{"start":{"line":103,"column":12},"end":{"line":103,"column":38}},"6":{"start":{"line":104,"column":12},"end":{"line":104,"column":3101}},"7":{"start":{"line":107,"column":16},"end":{"line":107,"column":3220}},"8":{"start":{"line":108,"column":20},"end":{"line":108,"column":37}},"9":{"start":{"line":109,"column":20},"end":{"line":109,"column":40}},"10":{"start":{"line":110,"column":20},"end":{"line":110,"column":42}},"11":{"start":{"line":116,"column":8},"end":{"line":116,"column":55}},"12":{"start":{"line":117,"column":8},"end":{"line":117,"column":31}},"13":{"start":{"line":118,"column":8},"end":{"line":118,"column":27}},"14":{"start":{"line":126,"column":8},"end":{"line":126,"column":3739}},"15":{"start":{"line":129,"column":8},"end":{"line":129,"column":3831}},"16":{"start":{"line":134,"column":8},"end":{"line":134,"column":36}},"17":{"start":{"line":136,"column":8},"end":{"line":136,"column":4002}},"18":{"start":{"line":137,"column":12},"end":{"line":137,"column":44}},"19":{"start":{"line":138,"column":12},"end":{"line":138,"column":61}},"20":{"start":{"line":140,"column":12},"end":{"line":140,"column":48}},"21":{"start":{"line":141,"column":12},"end":{"line":141,"column":37}},"22":{"start":{"line":143,"column":8},"end":{"line":143,"column":70}},"23":{"start":{"line":148,"column":8},"end":{"line":148,"column":4440}},"24":{"start":{"line":151,"column":8},"end":{"line":151,"column":36}},"25":{"start":{"line":152,"column":8},"end":{"line":152,"column":29}},"26":{"start":{"line":160,"column":8},"end":{"line":160,"column":4795}},"27":{"start":{"line":169,"column":8},"end":{"line":169,"column":44}},"28":{"start":{"line":170,"column":8},"end":{"line":170,"column":56}},"29":{"start":{"line":171,"column":8},"end":{"line":171,"column":5117}},"30":{"start":{"line":186,"column":8},"end":{"line":186,"column":5433}},"31":{"start":{"line":189,"column":8},"end":{"line":189,"column":45}},"32":{"start":{"line":190,"column":8},"end":{"line":190,"column":49}},"33":{"start":{"line":194,"column":8},"end":{"line":194,"column":5768}},"34":{"start":{"line":197,"column":8},"end":{"line":197,"column":46}},"35":{"start":{"line":198,"column":8},"end":{"line":198,"column":49}},"36":{"start":{"line":202,"column":8},"end":{"line":202,"column":6090}},"37":{"start":{"line":205,"column":8},"end":{"line":205,"column":65}},"38":{"start":{"line":206,"column":8},"end":{"line":206,"column":6362}},"39":{"start":{"line":209,"column":8},"end":{"line":209,"column":34}},"40":{"start":{"line":210,"column":8},"end":{"line":210,"column":87}},"41":{"start":{"line":211,"column":8},"end":{"line":211,"column":6630}},"42":{"start":{"line":218,"column":8},"end":{"line":218,"column":6794}},"43":{"start":{"line":221,"column":8},"end":{"line":221,"column":37}},"44":{"start":{"line":222,"column":8},"end":{"line":222,"column":58}},"45":{"start":{"line":223,"column":8},"end":{"line":223,"column":7028}},"46":{"start":{"line":229,"column":8},"end":{"line":229,"column":36}}},"branchMap":{"1":{"line":70,"type":"if","locations":[{"start":{"line":70,"column":8},"end":{"line":70,"column":8}},{"start":{"line":70,"column":8},"end":{"line":70,"column":8}}]},"2":{"line":77,"type":"if","locations":[{"start":{"line":77,"column":8},"end":{"line":77,"column":8}},{"start":{"line":77,"column":8},"end":{"line":77,"column":8}}]},"3":{"line":84,"type":"if","locations":[{"start":{"line":84,"column":8},"end":{"line":84,"column":8}},{"start":{"line":84,"column":8},"end":{"line":84,"column":8}}]},"4":{"line":104,"type":"if","locations":[{"start":{"line":104,"column":12},"end":{"line":104,"column":12}},{"start":{"line":104,"column":12},"end":{"line":104,"column":12}}]},"5":{"line":107,"type":"if","locations":[{"start":{"line":107,"column":16},"end":{"line":107,"column":16}},{"start":{"line":107,"column":16},"end":{"line":107,"column":16}}]},"6":{"line":126,"type":"if","locations":[{"start":{"line":126,"column":8},"end":{"line":126,"column":8}},{"start":{"line":126,"column":8},"end":{"line":126,"column":8}}]},"7":{"line":136,"type":"if","locations":[{"start":{"line":136,"column":8},"end":{"line":136,"column":8}},{"start":{"line":136,"column":8},"end":{"line":136,"column":8}}]},"8":{"line":148,"type":"if","locations":[{"start":{"line":148,"column":8},"end":{"line":148,"column":8}},{"start":{"line":148,"column":8},"end":{"line":148,"column":8}}]},"9":{"line":186,"type":"if","locations":[{"start":{"line":186,"column":8},"end":{"line":186,"column":8}},{"start":{"line":186,"column":8},"end":{"line":186,"column":8}}]},"10":{"line":194,"type":"if","locations":[{"start":{"line":194,"column":8},"end":{"line":194,"column":8}},{"start":{"line":194,"column":8},"end":{"line":194,"column":8}}]},"11":{"line":202,"type":"if","locations":[{"start":{"line":202,"column":8},"end":{"line":202,"column":8}},{"start":{"line":202,"column":8},"end":{"line":202,"column":8}}]},"12":{"line":206,"type":"if","locations":[{"start":{"line":206,"column":8},"end":{"line":206,"column":8}},{"start":{"line":206,"column":8},"end":{"line":206,"column":8}}]},"13":{"line":211,"type":"if","locations":[{"start":{"line":211,"column":8},"end":{"line":211,"column":8}},{"start":{"line":211,"column":8},"end":{"line":211,"column":8}}]},"14":{"line":218,"type":"if","locations":[{"start":{"line":218,"column":8},"end":{"line":218,"column":8}},{"start":{"line":218,"column":8},"end":{"line":218,"column":8}}]},"15":{"line":223,"type":"if","locations":[{"start":{"line":223,"column":8},"end":{"line":223,"column":8}},{"start":{"line":223,"column":8},"end":{"line":223,"column":8}}]}}},"contracts/test/TestHelper.sol":{"l":{"11":2},"path":"/home/trauki/portfolio/02-hardhat-multi-sig/contracts/test/TestHelper.sol","s":{},"b":{},"f":{},"fnMap":{},"statementMap":{},"branchMap":{}}}