TN:
SF:/home/trauki/portfolio/02-hardhat-multi-sig/contracts/MultiSig.sol
FN:69,onlyOwner
FN:76,exists
FN:83,isExecuted
FN:101,constructor
FN:125,submitDeposit
FN:147,addSharedFunds
FN:159,proposeTransaction
FN:184,confirmTransaction
FN:193,revokeConfirmation
FN:201,executeTransaction
FN:217,withdraw
FN:228,getBalance
FNF:12
FNH:12
FNDA:63,onlyOwner
FNDA:26,exists
FNDA:23,isExecuted
FNDA:137,constructor
FNDA:28,submitDeposit
FNDA:8,addSharedFunds
FNDA:22,proposeTransaction
FNDA:14,confirmTransaction
FNDA:3,revokeConfirmation
FNDA:5,executeTransaction
FNDA:2,withdraw
FNDA:2,getBalance
DA:70,63
DA:71,5
DA:73,58
DA:77,26
DA:78,3
DA:80,23
DA:84,23
DA:85,1
DA:87,22
DA:102,137
DA:103,544
DA:104,544
DA:105,1
DA:107,543
DA:108,542
DA:109,542
DA:110,542
DA:112,1
DA:116,135
DA:117,135
DA:118,135
DA:122,13
DA:126,28
DA:127,2
DA:129,26
DA:134,26
DA:136,26
DA:137,18
DA:138,18
DA:140,8
DA:141,8
DA:143,26
DA:144,26
DA:148,8
DA:149,2
DA:151,6
DA:152,6
DA:160,22
DA:169,22
DA:170,22
DA:171,22
DA:177,22
DA:186,14
DA:187,1
DA:189,13
DA:190,13
DA:194,3
DA:195,1
DA:197,2
DA:198,2
DA:202,5
DA:203,1
DA:205,4
DA:206,4
DA:207,1
DA:209,3
DA:210,3
DA:211,3
DA:212,1
DA:218,2
DA:219,1
DA:221,1
DA:222,1
DA:223,1
DA:224,0
DA:229,2
LF:66
LH:65
BRDA:70,1,0,5
BRDA:70,1,1,58
BRDA:77,2,0,3
BRDA:77,2,1,23
BRDA:84,3,0,1
BRDA:84,3,1,22
BRDA:104,4,0,1
BRDA:104,4,1,543
BRDA:107,5,0,542
BRDA:107,5,1,1
BRDA:126,6,0,2
BRDA:126,6,1,26
BRDA:136,7,0,18
BRDA:136,7,1,8
BRDA:148,8,0,2
BRDA:148,8,1,6
BRDA:186,9,0,1
BRDA:186,9,1,13
BRDA:194,10,0,1
BRDA:194,10,1,2
BRDA:202,11,0,1
BRDA:202,11,1,4
BRDA:206,12,0,1
BRDA:206,12,1,3
BRDA:211,13,0,1
BRDA:211,13,1,2
BRDA:218,14,0,1
BRDA:218,14,1,1
BRDA:223,15,0,0
BRDA:223,15,1,1
BRF:30
BRH:29
end_of_record
TN:
SF:/home/trauki/portfolio/02-hardhat-multi-sig/contracts/test/TestHelper.sol
FNF:0
FNH:0
DA:11,2
LF:1
LH:1
BRF:0
BRH:0
end_of_record
